This is XeTeX, Version 3.141592653-2.6-0.999995 (MiKTeX 24.1) (preloaded format=xelatex 2025.10.12)  14 MAR 2026 04:17
entering extended mode
 restricted \write18 enabled.
 %&-line parsing enabled.
**./print.tex
(print.tex
LaTeX2e <2023-11-01> patch level 1
L3 programming layer <2024-01-04>
(C:\Users\timmy\AppData\Local\Programs\MiKTeX\tex/latex/base\article.cls
Document Class: article 2023/05/17 v1.4n Standard LaTeX document class
(C:\Users\timmy\AppData\Local\Programs\MiKTeX\tex/latex/base\size11.clo
File: size11.clo 2023/05/17 v1.4n Standard LaTeX file (size option)
)
\c@part=\count183
\c@section=\count184
\c@subsection=\count185
\c@subsubsection=\count186
\c@paragraph=\count187
\c@subparagraph=\count188
\c@figure=\count189
\c@table=\count190
\abovecaptionskip=\skip48
\belowcaptionskip=\skip49
\bibindent=\dimen140
)
(C:\Users\timmy\AppData\Local\Programs\MiKTeX\tex/latex/base\inputenc.sty
Package: inputenc 2021/02/14 v1.3d Input encoding file
\inpenc@prehook=\toks17
\inpenc@posthook=\toks18


Package inputenc Warning: inputenc package ignored with utf8 based engines.

) (C:\Users\timmy\AppData\Local\Programs\MiKTeX\tex/latex/amsmath\amsmath.sty
Package: amsmath 2023/05/13 v2.17o AMS math features
\@mathmargin=\skip50

For additional information on amsmath, use the `?' option.
(C:\Users\timmy\AppData\Local\Programs\MiKTeX\tex/latex/amsmath\amstext.sty
Package: amstext 2021/08/26 v2.01 AMS text

(C:\Users\timmy\AppData\Local\Programs\MiKTeX\tex/latex/amsmath\amsgen.sty
File: amsgen.sty 1999/11/30 v2.0 generic functions
\@emptytoks=\toks19
\ex@=\dimen141
))
(C:\Users\timmy\AppData\Local\Programs\MiKTeX\tex/latex/amsmath\amsbsy.sty
Package: amsbsy 1999/11/29 v1.2d Bold Symbols
\pmbraise@=\dimen142
)
(C:\Users\timmy\AppData\Local\Programs\MiKTeX\tex/latex/amsmath\amsopn.sty
Package: amsopn 2022/04/08 v2.04 operator names
)
\inf@bad=\count191
LaTeX Info: Redefining \frac on input line 234.
\uproot@=\count192
\leftroot@=\count193
LaTeX Info: Redefining \overline on input line 399.
LaTeX Info: Redefining \colon on input line 410.
\classnum@=\count194
\DOTSCASE@=\count195
LaTeX Info: Redefining \ldots on input line 496.
LaTeX Info: Redefining \dots on input line 499.
LaTeX Info: Redefining \cdots on input line 620.
\Mathstrutbox@=\box51
\strutbox@=\box52
LaTeX Info: Redefining \big on input line 722.
LaTeX Info: Redefining \Big on input line 723.
LaTeX Info: Redefining \bigg on input line 724.
LaTeX Info: Redefining \Bigg on input line 725.
\big@size=\dimen143
LaTeX Font Info:    Redeclaring font encoding OML on input line 743.
LaTeX Font Info:    Redeclaring font encoding OMS on input line 744.
\macc@depth=\count196
LaTeX Info: Redefining \bmod on input line 905.
LaTeX Info: Redefining \pmod on input line 910.
LaTeX Info: Redefining \smash on input line 940.
LaTeX Info: Redefining \relbar on input line 970.
LaTeX Info: Redefining \Relbar on input line 971.
\c@MaxMatrixCols=\count197
\dotsspace@=\muskip16
\c@parentequation=\count198
\dspbrk@lvl=\count199
\tag@help=\toks20
\row@=\count266
\column@=\count267
\maxfields@=\count268
\andhelp@=\toks21
\eqnshift@=\dimen144
\alignsep@=\dimen145
\tagshift@=\dimen146
\tagwidth@=\dimen147
\totwidth@=\dimen148
\lineht@=\dimen149
\@envbody=\toks22
\multlinegap=\skip51
\multlinetaggap=\skip52
\mathdisplay@stack=\toks23
LaTeX Info: Redefining \[ on input line 2953.
LaTeX Info: Redefining \] on input line 2954.
)
(C:\Users\timmy\AppData\Local\Programs\MiKTeX\tex/latex/amsfonts\amssymb.sty
Package: amssymb 2013/01/14 v3.01 AMS font symbols

(C:\Users\timmy\AppData\Local\Programs\MiKTeX\tex/latex/amsfonts\amsfonts.sty
Package: amsfonts 2013/01/14 v3.01 Basic AMSFonts support
\symAMSa=\mathgroup4
\symAMSb=\mathgroup5
LaTeX Font Info:    Redeclaring math symbol \hbar on input line 98.
LaTeX Font Info:    Overwriting math alphabet `\mathfrak' in version `bold'
(Font)                  U/euf/m/n --> U/euf/b/n on input line 106.
)) (C:\Users\timmy\AppData\Local\Programs\MiKTeX\tex/latex/amscls\amsthm.sty
Package: amsthm 2020/05/29 v2.20.6
\thm@style=\toks24
\thm@bodyfont=\toks25
\thm@headfont=\toks26
\thm@notefont=\toks27
\thm@headpunct=\toks28
\thm@preskip=\skip53
\thm@postskip=\skip54
\thm@headsep=\skip55
\dth@everypar=\toks29
)
(C:\Users\timmy\AppData\Local\Programs\MiKTeX\tex/latex/mathtools\mathtools.sty
Package: mathtools 2024/10/04 v1.31 mathematical typesetting tools
(C:\Users\timmy\AppData\Local\Programs\MiKTeX\tex/latex/graphics\keyval.sty
Package: keyval 2022/05/29 v1.15 key=value parser (DPC)
\KV@toks@=\toks30
)
(C:\Users\timmy\AppData\Local\Programs\MiKTeX\tex/latex/tools\calc.sty
Package: calc 2023/07/08 v4.3 Infix arithmetic (KKT,FJ)
\calc@Acount=\count269
\calc@Bcount=\count270
\calc@Adimen=\dimen150
\calc@Bdimen=\dimen151
\calc@Askip=\skip56
\calc@Bskip=\skip57
LaTeX Info: Redefining \setlength on input line 80.
LaTeX Info: Redefining \addtolength on input line 81.
\calc@Ccount=\count271
\calc@Cskip=\skip58
)
(C:\Users\timmy\AppData\Local\Programs\MiKTeX\tex/latex/mathtools\mhsetup.sty
Package: mhsetup 2021/03/18 v1.4 programming setup (MH)
)
\g_MT_multlinerow_int=\count272
\l_MT_multwidth_dim=\dimen152
\origjot=\skip59
\l_MT_shortvdotswithinadjustabove_dim=\dimen153
\l_MT_shortvdotswithinadjustbelow_dim=\dimen154
\l_MT_above_intertext_sep=\dimen155
\l_MT_below_intertext_sep=\dimen156
\l_MT_above_shortintertext_sep=\dimen157
\l_MT_below_shortintertext_sep=\dimen158
\xmathstrut@box=\box53
\xmathstrut@dim=\dimen159
) (C:\Users\timmy\AppData\Local\Programs\MiKTeX\tex/latex/braket\braket.sty)
(C:\Users\timmy\AppData\Local\Programs\MiKTeX\tex/latex/doublestroke\dsfont.sty
Package: dsfont 1995/08/01 v0.1 Double stroke roman fonts
) (C:\Users\timmy\AppData\Local\Programs\MiKTeX\tex/latex/stmaryrd\stmaryrd.sty
Package: stmaryrd 1994/03/03 St Mary's Road symbol package
\symstmry=\mathgroup6
LaTeX Font Info:    Overwriting symbol font `stmry' in version `bold'
(Font)                  U/stmry/m/n --> U/stmry/b/n on input line 89.
) (C:\Users\timmy\AppData\Local\Programs\MiKTeX\tex/latex/enumitem\enumitem.sty
Package: enumitem 2025/02/06 v3.11 Customized lists
\labelindent=\skip60
\enit@outerparindent=\dimen160
\enit@toks=\toks31
\enit@inbox=\box54
\enit@count@id=\count273
\enitdp@description=\count274
) (C:\Users\timmy\AppData\Local\Programs\MiKTeX\tex/latex/geometry\geometry.sty
Package: geometry 2020/01/02 v5.9 Page Geometry
(C:\Users\timmy\AppData\Local\Programs\MiKTeX\tex/generic/iftex\ifvtex.sty
Package: ifvtex 2019/10/25 v1.7 ifvtex legacy package. Use iftex instead.

(C:\Users\timmy\AppData\Local\Programs\MiKTeX\tex/generic/iftex\iftex.sty
Package: iftex 2022/02/03 v1.0f TeX engine tests
))
\Gm@cnth=\count275
\Gm@cntv=\count276
\c@Gm@tempcnt=\count277
\Gm@bindingoffset=\dimen161
\Gm@wd@mp=\dimen162
\Gm@odd@mp=\dimen163
\Gm@even@mp=\dimen164
\Gm@layoutwidth=\dimen165
\Gm@layoutheight=\dimen166
\Gm@layouthoffset=\dimen167
\Gm@layoutvoffset=\dimen168
\Gm@dimlist=\toks32

(C:\Users\timmy\AppData\Local\Programs\MiKTeX\tex/latex/geometry\geometry.cfg))
(C:\Users\timmy\AppData\Local\Programs\MiKTeX\tex/latex/hyperref\hyperref.sty
Package: hyperref 2023-11-26 v7.01g Hypertext links for LaTeX

(C:\Users\timmy\AppData\Local\Programs\MiKTeX\tex/generic/infwarerr\infwarerr.s
ty
Package: infwarerr 2019/12/03 v1.5 Providing info/warning/error messages (HO)
)
(C:\Users\timmy\AppData\Local\Programs\MiKTeX\tex/latex/kvsetkeys\kvsetkeys.sty
Package: kvsetkeys 2022-10-05 v1.19 Key value parser (HO)
)
(C:\Users\timmy\AppData\Local\Programs\MiKTeX\tex/generic/kvdefinekeys\kvdefine
keys.sty
Package: kvdefinekeys 2019-12-19 v1.6 Define keys (HO)
)
(C:\Users\timmy\AppData\Local\Programs\MiKTeX\tex/generic/pdfescape\pdfescape.s
ty
Package: pdfescape 2019/12/09 v1.15 Implements pdfTeX's escape features (HO)

(C:\Users\timmy\AppData\Local\Programs\MiKTeX\tex/generic/ltxcmds\ltxcmds.sty
Package: ltxcmds 2023-12-04 v1.26 LaTeX kernel commands for general use (HO)
)
(C:\Users\timmy\AppData\Local\Programs\MiKTeX\tex/generic/pdftexcmds\pdftexcmds
.sty
Package: pdftexcmds 2020-06-27 v0.33 Utility functions of pdfTeX for LuaTeX (HO
)
Package pdftexcmds Info: \pdf@primitive is available.
Package pdftexcmds Info: \pdf@ifprimitive is available.
Package pdftexcmds Info: \pdfdraftmode not found.
))
(C:\Users\timmy\AppData\Local\Programs\MiKTeX\tex/latex/hycolor\hycolor.sty
Package: hycolor 2020-01-27 v1.10 Color options for hyperref/bookmark (HO)
)
(C:\Users\timmy\AppData\Local\Programs\MiKTeX\tex/latex/letltxmacro\letltxmacro
.sty
Package: letltxmacro 2019/12/03 v1.6 Let assignment for LaTeX macros (HO)
)
(C:\Users\timmy\AppData\Local\Programs\MiKTeX\tex/latex/auxhook\auxhook.sty
Package: auxhook 2019-12-17 v1.6 Hooks for auxiliary files (HO)
)
(C:\Users\timmy\AppData\Local\Programs\MiKTeX\tex/latex/hyperref\nameref.sty
Package: nameref 2023-11-26 v2.56 Cross-referencing by name of section

(C:\Users\timmy\AppData\Local\Programs\MiKTeX\tex/latex/refcount\refcount.sty
Package: refcount 2019/12/15 v3.6 Data extraction from label references (HO)
)
(C:\Users\timmy\AppData\Local\Programs\MiKTeX\tex/generic/gettitlestring\gettit
lestring.sty
Package: gettitlestring 2019/12/15 v1.6 Cleanup title references (HO)

(C:\Users\timmy\AppData\Local\Programs\MiKTeX\tex/latex/kvoptions\kvoptions.sty
Package: kvoptions 2022-06-15 v3.15 Key value format for package options (HO)
))
\c@section@level=\count278
)
(C:\Users\timmy\AppData\Local\Programs\MiKTeX\tex/latex/etoolbox\etoolbox.sty
Package: etoolbox 2020/10/05 v2.5k e-TeX tools for LaTeX (JAW)
\etb@tempcnta=\count279
)
\@linkdim=\dimen169
\Hy@linkcounter=\count280
\Hy@pagecounter=\count281

(C:\Users\timmy\AppData\Local\Programs\MiKTeX\tex/latex/hyperref\pd1enc.def
File: pd1enc.def 2023-11-26 v7.01g Hyperref: PDFDocEncoding definition (HO)
)
(C:\Users\timmy\AppData\Local\Programs\MiKTeX\tex/generic/intcalc\intcalc.sty
Package: intcalc 2019/12/15 v1.3 Expandable calculations with integers (HO)
)
\Hy@SavedSpaceFactor=\count282

(C:\Users\timmy\AppData\Local\Programs\MiKTeX\tex/latex/hyperref\puenc.def
File: puenc.def 2023-11-26 v7.01g Hyperref: PDF Unicode definition (HO)
)
Package hyperref Info: Hyper figures OFF on input line 4181.
Package hyperref Info: Link nesting OFF on input line 4186.
Package hyperref Info: Hyper index ON on input line 4189.
Package hyperref Info: Plain pages OFF on input line 4196.
Package hyperref Info: Backreferencing OFF on input line 4201.
Package hyperref Info: Implicit mode ON; LaTeX internals redefined.
Package hyperref Info: Bookmarks ON on input line 4448.
\c@Hy@tempcnt=\count283

(C:\Users\timmy\AppData\Local\Programs\MiKTeX\tex/latex/url\url.sty
\Urlmuskip=\muskip17
Package: url 2013/09/16  ver 3.4  Verb mode for urls, etc.
)
LaTeX Info: Redefining \url on input line 4786.
\XeTeXLinkMargin=\dimen170

(C:\Users\timmy\AppData\Local\Programs\MiKTeX\tex/generic/bitset\bitset.sty
Package: bitset 2019/12/09 v1.3 Handle bit-vector datatype (HO)

(C:\Users\timmy\AppData\Local\Programs\MiKTeX\tex/generic/bigintcalc\bigintcalc
.sty
Package: bigintcalc 2019/12/15 v1.5 Expandable calculations on big integers (HO
)
))
\Fld@menulength=\count284
\Field@Width=\dimen171
\Fld@charsize=\dimen172
Package hyperref Info: Hyper figures OFF on input line 6065.
Package hyperref Info: Link nesting OFF on input line 6070.
Package hyperref Info: Hyper index ON on input line 6073.
Package hyperref Info: backreferencing OFF on input line 6080.
Package hyperref Info: Link coloring OFF on input line 6085.
Package hyperref Info: Link coloring with OCG OFF on input line 6090.
Package hyperref Info: PDF/A mode OFF on input line 6095.

(C:\Users\timmy\AppData\Local\Programs\MiKTeX\tex/latex/base\atbegshi-ltx.sty
Package: atbegshi-ltx 2021/01/10 v1.0c Emulation of the original atbegshi
package with kernel methods
)
\Hy@abspage=\count285
\c@Item=\count286
\c@Hfootnote=\count287
)
Package hyperref Info: Driver (autodetected): hxetex.
(C:\Users\timmy\AppData\Local\Programs\MiKTeX\tex/latex/hyperref\hxetex.def
File: hxetex.def 2023-11-26 v7.01g Hyperref driver for XeTeX

(C:\Users\timmy\AppData\Local\Programs\MiKTeX\tex/generic/stringenc\stringenc.s
ty
Package: stringenc 2019/11/29 v1.12 Convert strings between diff. encodings (HO
)
)
\pdfm@box=\box55
\c@Hy@AnnotLevel=\count288
\HyField@AnnotCount=\count289
\Fld@listcount=\count290
\c@bookmark@seq@number=\count291

(C:\Users\timmy\AppData\Local\Programs\MiKTeX\tex/latex/rerunfilecheck\rerunfil
echeck.sty
Package: rerunfilecheck 2025-06-21 v1.11 Rerun checks for auxiliary files (HO)

(C:\Users\timmy\AppData\Local\Programs\MiKTeX\tex/generic/uniquecounter\uniquec
ounter.sty
Package: uniquecounter 2019/12/15 v1.4 Provide unlimited unique counter (HO)
)
Package uniquecounter Info: New unique counter `rerunfilecheck' on input line 2
84.
)
\Hy@SectionHShift=\skip61
)
(C:\Users\timmy\AppData\Local\Programs\MiKTeX\tex/latex/xcolor\xcolor.sty
Package: xcolor 2023/11/15 v3.01 LaTeX color extensions (UK)

(C:\Users\timmy\AppData\Local\Programs\MiKTeX\tex/latex/graphics-cfg\color.cfg
File: color.cfg 2016/01/02 v1.6 sample color configuration
)
Package xcolor Info: Driver file: xetex.def on input line 274.
(C:\Users\timmy\AppData\Local\Programs\MiKTeX\tex/latex/graphics-def\xetex.def
File: xetex.def 2022/09/22 v5.0n Graphics/color driver for xetex
) (C:\Users\timmy\AppData\Local\Programs\MiKTeX\tex/latex/graphics\mathcolor.lt
x)
Package xcolor Info: Model `cmy' substituted by `cmy0' on input line 1350.
Package xcolor Info: Model `RGB' extended on input line 1366.
Package xcolor Info: Model `HTML' substituted by `rgb' on input line 1368.
Package xcolor Info: Model `Hsb' substituted by `hsb' on input line 1369.
Package xcolor Info: Model `tHsb' substituted by `hsb' on input line 1370.
Package xcolor Info: Model `HSB' substituted by `hsb' on input line 1371.
Package xcolor Info: Model `Gray' substituted by `gray' on input line 1372.
Package xcolor Info: Model `wave' substituted by `hsb' on input line 1373.
)
(C:\Users\timmy\AppData\Local\Programs\MiKTeX\tex/latex/l3backend\l3backend-xet
ex.def
File: l3backend-xetex.def 2024-01-04 L3 backend support: XeTeX
\g__graphics_track_int=\count292
\l__pdf_internal_box=\box56
\g__pdf_backend_object_int=\count293
\g__pdf_backend_annotation_int=\count294
\g__pdf_backend_link_int=\count295
) (print.aux)
\openout1 = `print.aux'.

LaTeX Font Info:    Checking defaults for OML/cmm/m/it on input line 54.
LaTeX Font Info:    ... okay on input line 54.
LaTeX Font Info:    Checking defaults for OMS/cmsy/m/n on input line 54.
LaTeX Font Info:    ... okay on input line 54.
LaTeX Font Info:    Checking defaults for OT1/cmr/m/n on input line 54.
LaTeX Font Info:    ... okay on input line 54.
LaTeX Font Info:    Checking defaults for T1/cmr/m/n on input line 54.
LaTeX Font Info:    ... okay on input line 54.
LaTeX Font Info:    Checking defaults for TS1/cmr/m/n on input line 54.
LaTeX Font Info:    Trying to load font information for TS1+cmr on input line 5
4.

(C:\Users\timmy\AppData\Local\Programs\MiKTeX\tex/latex/base\ts1cmr.fd
File: ts1cmr.fd 2023/04/13 v2.5m Standard LaTeX font definitions
)
LaTeX Font Info:    ... okay on input line 54.
LaTeX Font Info:    Checking defaults for TU/lmr/m/n on input line 54.
LaTeX Font Info:    ... okay on input line 54.
LaTeX Font Info:    Checking defaults for OMX/cmex/m/n on input line 54.
LaTeX Font Info:    ... okay on input line 54.
LaTeX Font Info:    Checking defaults for U/cmr/m/n on input line 54.
LaTeX Font Info:    ... okay on input line 54.
LaTeX Font Info:    Checking defaults for PD1/pdf/m/n on input line 54.
LaTeX Font Info:    ... okay on input line 54.
LaTeX Font Info:    Checking defaults for PU/pdf/m/n on input line 54.
LaTeX Font Info:    ... okay on input line 54.

(C:\Users\timmy\AppData\Local\Programs\MiKTeX\tex/latex/graphics\graphicx.sty
Package: graphicx 2021/09/16 v1.2d Enhanced LaTeX Graphics (DPC,SPQR)

(C:\Users\timmy\AppData\Local\Programs\MiKTeX\tex/latex/graphics\graphics.sty
Package: graphics 2022/03/10 v1.4e Standard LaTeX Graphics (DPC,SPQR)

(C:\Users\timmy\AppData\Local\Programs\MiKTeX\tex/latex/graphics\trig.sty
Package: trig 2021/08/11 v1.11 sin cos tan (DPC)
)
(C:\Users\timmy\AppData\Local\Programs\MiKTeX\tex/latex/graphics-cfg\graphics.c
fg
File: graphics.cfg 2016/06/04 v1.11 sample graphics configuration
)
Package graphics Info: Driver file: xetex.def on input line 107.
)
\Gin@req@height=\dimen173
\Gin@req@width=\dimen174
)
*geometry* driver: auto-detecting
*geometry* detected driver: xetex
*geometry* verbose mode - [ preamble ] result:
* driver: xetex
* paper: <default>
* layout: <same size as paper>
* layoutoffset:(h,v)=(0.0pt,0.0pt)
* modes: 
* h-part:(L,W,R)=(72.26999pt, 469.75502pt, 72.26999pt)
* v-part:(T,H,B)=(72.26999pt, 650.43001pt, 72.26999pt)
* \paperwidth=614.295pt
* \paperheight=794.96999pt
* \textwidth=469.75502pt
* \textheight=650.43001pt
* \oddsidemargin=0.0pt
* \evensidemargin=0.0pt
* \topmargin=-37.0pt
* \headheight=12.0pt
* \headsep=25.0pt
* \topskip=11.0pt
* \footskip=30.0pt
* \marginparwidth=59.0pt
* \marginparsep=10.0pt
* \columnsep=10.0pt
* \skip\footins=10.0pt plus 4.0pt minus 2.0pt
* \hoffset=0.0pt
* \voffset=0.0pt
* \mag=1000
* \@twocolumnfalse
* \@twosidefalse
* \@mparswitchfalse
* \@reversemarginfalse
* (1in=72.27pt=25.4mm, 1cm=28.453pt)

Package hyperref Info: Link coloring OFF on input line 54.
(print.out) (print.out)
\@outlinefile=\write3
\openout3 = `print.out'.

LaTeX Font Info:    Trying to load font information for U+msa on input line 56.


(C:\Users\timmy\AppData\Local\Programs\MiKTeX\tex/latex/amsfonts\umsa.fd
File: umsa.fd 2013/01/14 v3.01 AMS symbols A
)
LaTeX Font Info:    Trying to load font information for U+msb on input line 56.


(C:\Users\timmy\AppData\Local\Programs\MiKTeX\tex/latex/amsfonts\umsb.fd
File: umsb.fd 2013/01/14 v3.01 AMS symbols B
)
LaTeX Font Info:    Trying to load font information for U+stmry on input line 5
6.

(C:\Users\timmy\AppData\Local\Programs\MiKTeX\tex/latex/stmaryrd\ustmry.fd)
Overfull \hbox (59.594pt too wide) in paragraph at lines 65--66
\TU/lmr/m/n/10 This formalization uses the following unproven axiom(s): \TU/lmt
t/m/n/10 Sp_card\TU/lmr/m/n/10 , \TU/lmtt/m/n/10 alonBoppanaBound\TU/lmr/m/n/10
 , \TU/lmtt/m/n/10 alonBoppana_liminf\TU/lmr/m/n/10 ,
 []


Overfull \hbox (180.94095pt too wide) in paragraph at lines 65--66
\TU/lmtt/m/n/10 balanced_product_code\TU/lmr/m/n/10 , \TU/lmtt/m/n/10 balanced_
product_ldpc\TU/lmr/m/n/10 , \TU/lmtt/m/n/10 cheegerInequalities\TU/lmr/m/n/10 
, \TU/lmtt/m/n/10 cohomologicalDistanceBound_horizontal_satisfiable\TU/lmr/m/n/
10 ,
 []


Overfull \hbox (33.99695pt too wide) in paragraph at lines 65--66
\TU/lmtt/m/n/10 cohomologicalDistanceBound_horizontal\TU/lmr/m/n/10 , \TU/lmtt/
m/n/10 cohomologicalDistanceBound_vertical_satisfiable\TU/lmr/m/n/10 ,
 []


Overfull \hbox (33.96895pt too wide) in paragraph at lines 65--66
\TU/lmtt/m/n/10 cohomologicalDistanceBound_vertical\TU/lmr/m/n/10 , \TU/lmtt/m/
n/10 cycleRepWeight_pos_of_ne_zero\TU/lmr/m/n/10 , \TU/lmtt/m/n/10 cycleRepWeig
ht_zero\TU/lmr/m/n/10 ,
 []


Overfull \hbox (7.69095pt too wide) in paragraph at lines 65--66
\TU/lmtt/m/n/10 cycleRepWeight\TU/lmr/m/n/10 , \TU/lmtt/m/n/10 ekz_distance_bal
ancing\TU/lmr/m/n/10 , \TU/lmtt/m/n/10 exists_good_map\TU/lmr/m/n/10 , \TU/lmtt
/m/n/10 exists_good_surjective_map\TU/lmr/m/n/10 ,
 []


Overfull \hbox (86.46895pt too wide) in paragraph at lines 65--66
\TU/lmtt/m/n/10 homologicalDistanceBound_horizontal\TU/lmr/m/n/10 , \TU/lmtt/m/
n/10 homologicalDistanceBound_vertical\TU/lmr/m/n/10 , \TU/lmtt/m/n/10 infinite
lyManyValidPrimes\TU/lmr/m/n/10 ,
 []


Overfull \hbox (60.16295pt too wide) in paragraph at lines 65--66
\TU/lmtt/m/n/10 iotaMap_comp_piMap\TU/lmr/m/n/10 , \TU/lmtt/m/n/10 iotaMap\TU/l
mr/m/n/10 , \TU/lmtt/m/n/10 kunnethBalancedProduct\TU/lmr/m/n/10 , \TU/lmtt/m/n
/10 lpsGenSetPGL_card\TU/lmr/m/n/10 , \TU/lmtt/m/n/10 lpsGenSetPGL_generates\TU
/lmr/m/n/10 ,
 []


Overfull \hbox (112.69095pt too wide) in paragraph at lines 65--66
\TU/lmtt/m/n/10 lpsGenSetPSL_card\TU/lmr/m/n/10 , \TU/lmtt/m/n/10 lpsGenSetPSL_
generates\TU/lmr/m/n/10 , \TU/lmtt/m/n/10 lpsGraphPGL_independent_of_xy\TU/lmr/
m/n/10 , \TU/lmtt/m/n/10 lpsGraphPSL_independent_of_xy\TU/lmr/m/n/10 ,
 []


Overfull \hbox (70.66295pt too wide) in paragraph at lines 65--66
\TU/lmtt/m/n/10 lps_DX_lower_bound\TU/lmr/m/n/10 , \TU/lmtt/m/n/10 lps_DZ_lower
_bound\TU/lmr/m/n/10 , \TU/lmtt/m/n/10 lps_K_lower_bound\TU/lmr/m/n/10 , \TU/lm
tt/m/n/10 lps_K_upper_bound\TU/lmr/m/n/10 , \TU/lmtt/m/n/10 piMap_comp_iotaMap\
TU/lmr/m/n/10 ,
 []

(print.toc [1

])
\tf@toc=\write4
\openout4 = `print.toc'.

 [2] [3]
Overfull \hbox (12.16081pt too wide) in paragraph at lines 164--165
[]\TU/lmr/bx/n/10.95 Theorem \TU/lmr/m/n/10.95 (Theorem: Coboundary Squares to 
Zero)\TU/lmr/bx/n/10.95 . []\TU/lmr/m/it/10.95 For any cochain complex $\OML/cm
m/m/it/10.95 C \OMS/cmsy/m/n/10.95 2 [][]$
 []


Overfull \hbox (35.55678pt too wide) in paragraph at lines 171--172
[]\TU/lmr/m/n/10.95 This follows by the same reasoning as the chain complex cas
e, using $[]$
 []

[4] [5] [6] [7] [8] [9] [10] [11] [12] [13]
Overfull \hbox (13.35088pt too wide) detected at line 690
[]\OT1/cmr/m/n/10.95 (\OML/cmm/m/it/10.95 f; w\OT1/cmr/m/n/10.95 )  :=  [] \OMS
/cmsy/m/n/10.95 ^ [] \OML/cmm/m/it/10.95 :
 []


Overfull \hbox (32.85925pt too wide) detected at line 697
[]\OT1/cmr/m/n/10.95 (\OMS/cmsy/m/n/10.95 f\OML/cmm/m/it/10.95 C[]\OMS/cmsy/m/n
/10.95 g\OT1/cmr/m/n/10.95 )  :=  \OMS/cmsy/m/n/10.95 9\OML/cmm/m/it/10.95 w \O
MS/cmsy/m/n/10.95 2 \U/msb/m/n/10.95 N\OML/cmm/m/it/10.95 ;  \OMS/cmsy/m/n/10.9
5 8\OML/cmm/m/it/10.95 ^^K \OMS/cmsy/m/n/10.95 2 \OML/cmm/m/it/10.95 ^^S;  []\O
T1/cmr/m/n/10.95 ((\OML/cmm/m/it/10.95 C[]\OT1/cmr/m/n/10.95 )\OML/cmm/m/it/10.
95 :H[]; w\OT1/cmr/m/n/10.95 ) \OMS/cmsy/m/n/10.95 ^ []\OT1/cmr/m/n/10.95 ((\OM
L/cmm/m/it/10.95 C[]\OT1/cmr/m/n/10.95 )\OML/cmm/m/it/10.95 :H[]; w\OT1/cmr/m/n
/10.95 )\OML/cmm/m/it/10.95 :
 []

[14] [15] [16] [17] [18] [19] [20]
Overfull \hbox (67.40271pt too wide) in paragraph at lines 1071--1072
[]\TU/lmr/bx/n/10.95 Lemma \TU/lmr/m/n/10.95 (Predecessor-Successor Modular Ide
ntity)\TU/lmr/bx/n/10.95 . []\TU/lmr/m/it/10.95 For $\OML/cmm/m/it/10.95 ` \OMS
/cmsy/m/n/10.95 ^^U \OT1/cmr/m/n/10.95 1$ \TU/lmr/m/it/10.95 and $\OML/cmm/m/it
/10.95 i \OMS/cmsy/m/n/10.95 2 []\OT1/cmr/m/n/10.95 (\OML/cmm/m/it/10.95 `\OT1/
cmr/m/n/10.95 )$\TU/lmr/m/it/10.95 , we have $[]  []
 []

[21] [22] [23] [24] [25] [26] [27] [28] [29] [30] [31] [32]
Overfull \hbox (178.99757pt too wide) detected at line 1737
[]\OT1/cmr/m/n/10.95 (\OML/cmm/m/it/10.95 @[]; []; p; q\OT1/cmr/m/n/10.95 ) : (
[]([](\OML/cmm/m/it/10.95 n[]; m[]; p\OT1/cmr/m/n/10.95 )) \OMS/cmsy/m/n/10.95 
! \U/msb/m/n/10.95 F[]\OT1/cmr/m/n/10.95 ) \OMS/cmsy/m/n/10.95 
 \OT1/cmr/m/n/10.95 ([]([](\OML/cmm/m/it/10.95 n[]; m[]; q\OT1/cmr/m/n/10.95 ))
 \OMS/cmsy/m/n/10.95 ! \U/msb/m/n/10.95 F[]\OT1/cmr/m/n/10.95 ) \OMS/cmsy/m/n/1
0.95 ! \OT1/cmr/m/n/10.95 ([]([](\OML/cmm/m/it/10.95 n[]; m[]; p\OT1/cmr/m/n/10
.95 )) \OMS/cmsy/m/n/10.95 ! \U/msb/m/n/10.95 F[]\OT1/cmr/m/n/10.95 )\OML/cmm/m
/it/10.95 ;
 []


Overfull \hbox (63.43332pt too wide) in paragraph at lines 1745--1746
[]\TU/lmr/bx/n/10.95 Lemma \TU/lmr/m/n/10.95 (Summand Map at $\OML/cmm/m/it/10.
95 q \OT1/cmr/m/n/10.95 = 0$\TU/lmr/m/n/10.95 )\TU/lmr/bx/n/10.95 . []\TU/lmr/m
/it/10.95 For any $\OML/cmm/m/it/10.95 b \OT1/cmr/m/n/10.95 : []([](\OML/cmm/m/
it/10.95 n[]; m[]; p\OT1/cmr/m/n/10.95 )) \OMS/cmsy/m/n/10.95 ! \U/msb/m/n/10.9
5 F[]$ \TU/lmr/m/it/10.95 and $\OML/cmm/m/it/10.95 f \OT1/cmr/m/n/10.95 : []([]
(\OML/cmm/m/it/10.95 n[]; m[]; \OT1/cmr/m/n/10.95 0)) \OMS/cmsy/m/n/10.95 !
 []

[33]
Overfull \hbox (58.89973pt too wide) detected at line 1796
[]\OT1/cmr/m/n/10.95 (\OML/cmm/m/it/10.95 @[]; @[]; '; []; n\OT1/cmr/m/n/10.95 
) : ([](\OML/cmm/m/it/10.95 @[]; @[]; '\OT1/cmr/m/n/10.95 ))\OML/cmm/m/it/10.95
 : [] :X[] [][]\OMS/cmsy/m/n/10.95 ! \U/msb/m/n/10.95 F[]\OML/cmm/m/it/10.95 ;
 []

[34]
Overfull \hbox (141.2689pt too wide) detected at line 1849
[]\OT1/cmr/m/n/10.95 (\OML/cmm/m/it/10.95 @[]; []; \OT1/cmr/m/n/10.95 0\OML/cmm
/m/it/10.95 ; \OT1/cmr/m/n/10.95 0) \OMS/cmsy/m/n/10.95 ^^N []\OT1/cmr/m/n/10.9
5 (\OML/cmm/m/it/10.95 @[]; b[]; b[] \OMS/cmsy/m/n/10.95 7! []\OT1/cmr/m/n/10.9
5 (\OML/cmm/m/it/10.95 @[]; '; \OT1/cmr/m/n/10.95 0\OML/cmm/m/it/10.95 ; b[]; b
[]\OT1/cmr/m/n/10.95 )) = \OML/cmm/m/it/10.95 @[] \OMS/cmsy/m/n/10.95 ^^N []\OT
1/cmr/m/n/10.95 (\OML/cmm/m/it/10.95 @[]; []; \OT1/cmr/m/n/10.95 1\OML/cmm/m/it
/10.95 ; \OT1/cmr/m/n/10.95 0)\OML/cmm/m/it/10.95 :
 []


Overfull \hbox (6.18391pt too wide) in paragraph at lines 1897--1899
\TU/lmr/m/n/10.95 which is a linear map from $[]\OT1/cmr/m/n/10.95 (([]([](\OML
/cmm/m/it/10.95 n[]; m[]; n\OT1/cmr/m/n/10.95 )) \OMS/cmsy/m/n/10.95 ! \U/msb/m
/n/10.95 F[]\OT1/cmr/m/n/10.95 ))$ \TU/lmr/m/n/10.95 to $[]\OT1/cmr/m/n/10.95 (
[](\OML/cmm/m/it/10.95 B \U/msa/m/n/10.95 ^^B[]
 []

[35] [36] [37] [38] [39] [40]
Overfull \hbox (38.9446pt too wide) in paragraph at lines 2209--2210
[]$\OT1/cmr/m/n/10.95 (\OMS/cmsy/m/n/10.95 (\OT1/cmr/m/n/10.95 )$\TU/lmr/m/n/10
.95 : Assume that for every $\OML/cmm/m/it/10.95 v \OMS/cmsy/m/n/10.95 2 \OML/c
mm/m/it/10.95 V$\TU/lmr/m/n/10.95 , we have $[][]\OT1/cmr/m/n/10.95 (\OML/cmm/m
/it/10.95 v\OT1/cmr/m/n/10.95 ) \OML/cmm/m/it/10.95 c \OMS/cmsy/m/n/10.95 2 []\
OT1/cmr/m/n/10.95 (\OML/cmm/m/it/10.95 H\OT1/cmr/m/n/10.95 )$\TU/lmr/m/n/10.95 
. This means $\OML/cmm/m/it/10.95 H\OT1/cmr/m/n/10.95 ([][](\OML/cmm/m/it/10.95
 v\OT1/cmr/m/n/10.95 ) \OML/cmm/m/it/10.95 c\OT1/cmr/m/n/10.95 ) =
 []

[41]
Overfull \hbox (2.33418pt too wide) in paragraph at lines 2224--2225
[]$\OT1/cmr/m/n/10.95 (\OMS/cmsy/m/n/10.95 )\OT1/cmr/m/n/10.95 )$\TU/lmr/m/n/10
.95 : Assume $\OML/cmm/m/it/10.95 c \OMS/cmsy/m/n/10.95 2 \OML/cmm/m/it/10.95 C
\OT1/cmr/m/n/10.95 (\OML/cmm/m/it/10.95 X; L; \OT1/cmr/m/n/10.95 ^^C)$\TU/lmr/m
/n/10.95 . By the previous theorem, for any $\OML/cmm/m/it/10.95 v \OMS/cmsy/m/
n/10.95 2 \OML/cmm/m/it/10.95 V$\TU/lmr/m/n/10.95 , we have $[][]\OT1/cmr/m/n/1
0.95 (\OML/cmm/m/it/10.95 v\OT1/cmr/m/n/10.95 ) \OML/cmm/m/it/10.95 c \OMS/cmsy
/m/n/10.95 2
 []


Overfull \hbox (10.6048pt too wide) in paragraph at lines 2256--2257
\TU/lmr/m/n/10.95 nitions of comap and dual annihilator, membership $\OML/cmm/m
/it/10.95 w \OMS/cmsy/m/n/10.95 2 \OML/cmm/m/it/10.95 L[]$ \TU/lmr/m/n/10.95 is
 equivalent to $\OT1/cmr/m/n/10.95 ([]  \OML/cmm/m/it/10.95 w\OT1/cmr/m/n/10.95
 )(\OML/cmm/m/it/10.95 c\OT1/cmr/m/n/10.95 ) =
 []


Overfull \hbox (27.50957pt too wide) in paragraph at lines 2258--2259
[]\TU/lmr/m/n/10.95 We prove both directions separately. Let $\OML/cmm/m/it/10.
95 c \OMS/cmsy/m/n/10.95 2 \OML/cmm/m/it/10.95 L$ \TU/lmr/m/n/10.95 be arbitrar
y. The condition $\OT1/cmr/m/n/10.95 ([]  \OML/cmm/m/it/10.95 w\OT1/cmr/m/n/10.
95 )(\OML/cmm/m/it/10.95 c\OT1/cmr/m/n/10.95 ) =
 []

[42] [43] [44] [45] [46] [47] [48] [49] [50] [51] [52] [53] [54] [55]
Overfull \hbox (15.53629pt too wide) in paragraph at lines 2982--2983
[]\TU/lmr/bx/n/10.95 Step 2: \TU/lmr/m/n/10.95 By the spectral bound lemma (whi
ch relies on \TU/lmr/bx/n/10.95 Axiom: Regularity Implies Eigenvalue-
 []

[56] [57] [58] [59] [60] [61] [62] [63]
Overfull \hbox (3.40977pt too wide) in paragraph at lines 3426--3427
[]\TU/lmr/m/n/10.95 Since $\OML/cmm/m/it/10.95 c \OMS/cmsy/m/n/10.95 2 []  \OT1
/cmr/m/n/10.95 ^^C  []$\TU/lmr/m/n/10.95 , the local view $[][]  \OML/cmm/m/it/
10.95 v c$ \TU/lmr/m/n/10.95 lies in $[]\OT1/cmr/m/n/10.95 ([]) =
 []

[64] [65] [66] [67]
Overfull \hbox (46.56645pt too wide) in paragraph at lines 3622--3623
[]\TU/lmr/m/n/10.95 Each edge contributes at most 2 vertices to the incident-to
-support set, so $\OMS/cmsy/m/n/10.95 j []\OT1/cmr/m/n/10.95 (\OML/cmm/m/it/10.
95 G; x\OT1/cmr/m/n/10.95 )\OMS/cmsy/m/n/10.95 j ^^T
 []


Overfull \hbox (55.76634pt too wide) in paragraph at lines 3626--3627
\TU/lmr/m/it/10.95 potheses of the main theorem, setting $\OML/cmm/m/it/10.95 S
 \OT1/cmr/m/n/10.95 = [](\OML/cmm/m/it/10.95 G; c\OT1/cmr/m/n/10.95 )$ \TU/lmr/
m/it/10.95 and $\OML/cmm/m/it/10.95 A \OT1/cmr/m/n/10.95 = [](\OML/cmm/m/it/10.
95 G; S; s; d[] \OMS/cmsy/m/n/10.95 ^^@
 []

[68]
Overfull \hbox (44.09465pt too wide) in paragraph at lines 3675--3676
[]\TU/lmr/m/n/10.95 Let $\OML/cmm/m/it/10.95 S \OT1/cmr/m/n/10.95 = [](\OML/cmm
/m/it/10.95 G; x\OT1/cmr/m/n/10.95 )$\TU/lmr/m/n/10.95 , $\OML/cmm/m/it/10.95 E
 \OT1/cmr/m/n/10.95 = [](\OML/cmm/m/it/10.95 G; x\OT1/cmr/m/n/10.95 )$\TU/lmr/m
/n/10.95 , and $\OML/cmm/m/it/10.95 A \OT1/cmr/m/n/10.95 = [](\OML/cmm/m/it/10.
95 G; S; s; d[] \OMS/cmsy/m/n/10.95 ^^@
 []

[69] [70] [71] [72] [73] [74] [75] [76] [77] [78] [79] [80] [81] [82] [83]
[84] [85] [86] [87] [88] [89] [90] [91] [92] [93]
Overfull \hbox (35.2819pt too wide) detected at line 4927
[]\OT1/cmr/m/n/10.95 (\OML/cmm/m/it/10.95 X; \OT1/cmr/m/n/10.95 ^^C\OML/cmm/m/i
t/10.95 ; `; h[]; h[]\OT1/cmr/m/n/10.95 ) := [](\OML/cmm/m/it/10.95 X; \OT1/cmr
/m/n/10.95 ^^C\OML/cmm/m/it/10.95 ; h[]\OT1/cmr/m/n/10.95 )\OML/cmm/m/it/10.95 
: [] [][]\OT1/cmr/m/n/10.95 (\OML/cmm/m/it/10.95 `; h[]\OT1/cmr/m/n/10.95 )[]\O
ML/cmm/m/it/10.95 :
 []

[94] [95]
Overfull \hbox (2.67235pt too wide) in paragraph at lines 5063--5064
[]\TU/lmr/bx/n/10.95 Justification: \TU/lmr/m/n/10.95 Similar to $\OML/cmm/m/it
/10.95 ^^S$\TU/lmr/m/n/10.95 , the construction of $\OML/cmm/m/it/10.95 ^^Y$ \T
U/lmr/m/n/10.95 requires detailed verification of well-definedness
 []

[96] [97] [98] [99] [100] [101] [102]
Overfull \hbox (22.05695pt too wide) in paragraph at lines 5388--5389
[]\TU/lmr/bx/n/10.95 Theorem \TU/lmr/m/n/10.95 (Axiom: Hamming Weight of Zero i
s Zero)\TU/lmr/bx/n/10.95 . []\TU/lmr/m/it/10.95 Under the same hypotheses, $[]
\OT1/cmr/m/n/10.95 (0) =
 []


Overfull \hbox (32.16399pt too wide) in paragraph at lines 5393--5394
[]\TU/lmr/bx/n/10.95 Justification: \TU/lmr/m/n/10.95 This is a basic property 
that follows immediately from the definition of $[]$,
 []

[103] [104] [105] [106] [107]
Underfull \hbox (badness 10000) in paragraph at lines 5645--5645
[]\TU/lmr/m/n/10.95 Paper Corollary (cor:distanceboundssybsystemcode) states $\
OML/cmm/m/it/10.95 D[] \OMS/cmsy/m/n/10.95 ^^U
 []

[108] [109]

LaTeX Warning: Citation `PK22' on page 110 undefined on input line 5770.

[110]

LaTeX Warning: Citation `PK22' on page 111 undefined on input line 5783.

[111]

LaTeX Warning: Citation `PK22' on page 112 undefined on input line 5832.


LaTeX Warning: Citation `PK22' on page 112 undefined on input line 5845.

[112] [113] [114] [115] [116] (print.aux)
 ***********
LaTeX2e <2023-11-01> patch level 1
L3 programming layer <2024-01-04>
 ***********


LaTeX Warning: There were undefined references.

Package rerunfilecheck Info: File `print.out' has not changed.
(rerunfilecheck)             Checksum: 5A3A55A380D392405CAA34DF364DE960;12660.
 ) 
Here is how much of TeX's memory you used:
 11780 strings out of 409616
 178459 string characters out of 5773991
 1940191 words of memory out of 5000000
 33707 multiletter control sequences out of 15000+600000
 567023 words of font info for 90 fonts, out of 8000000 for 9000
 1348 hyphenation exceptions out of 8191
 72i,16n,79p,1375b,547s stack positions out of 10000i,1000n,20000p,200000b,200000s

Output written on C:/Users\timmy\MerLEAN\MerLean_bpqc\blueprint\print\print.pdf
 (116 pages).
