\BOOKMARK [1][-]{section.1}{\376\377\000M\000a\000t\000h\000e\000m\000a\000t\000i\000c\000a\000l\000\040\000C\000o\000n\000t\000e\000n\000t}{}% 1
\BOOKMARK [2][-]{subsection.1.1}{\376\377\000R\000e\000m\000a\000r\000k\000\040\0001\000:\000\040\000B\000a\000s\000e\000F\000i\000e\000l\000d}{section.1}% 2
\BOOKMARK [2][-]{subsection.1.2}{\376\377\000R\000e\000m\000a\000r\000k\000\040\0002\000:\000\040\000N\000o\000t\000a\000t\000i\000o\000n\000C\000o\000n\000v\000e\000n\000t\000i\000o\000n\000s}{section.1}% 3
\BOOKMARK [2][-]{subsection.1.3}{\376\377\000R\000e\000m\000a\000r\000k\000\040\0003\000:\000\040\000E\000x\000p\000a\000n\000d\000i\000n\000g\000M\000a\000t\000r\000i\000x\000D\000e\000f\000i\000n\000i\000t\000i\000o\000n}{section.1}% 4
\BOOKMARK [2][-]{subsection.1.4}{\376\377\000D\000e\000f\000i\000n\000i\000t\000i\000o\000n\000\040\0001\000:\000\040\000C\000h\000a\000i\000n\000C\000o\000m\000p\000l\000e\000x}{section.1}% 5
\BOOKMARK [2][-]{subsection.1.5}{\376\377\000D\000e\000f\000i\000n\000i\000t\000i\000o\000n\000\040\0002\000:\000\040\000C\000o\000c\000h\000a\000i\000n\000s\000C\000o\000h\000o\000m\000o\000l\000o\000g\000y}{section.1}% 6
\BOOKMARK [2][-]{subsection.1.6}{\376\377\000D\000e\000f\000i\000n\000i\000t\000i\000o\000n\000\040\0003\000:\000\040\000C\000l\000a\000s\000s\000i\000c\000a\000l\000C\000o\000d\000e}{section.1}% 7
\BOOKMARK [2][-]{subsection.1.7}{\376\377\000D\000e\000f\000i\000n\000i\000t\000i\000o\000n\000\040\0004\000:\000\040\000C\000S\000S\000C\000o\000d\000e}{section.1}% 8
\BOOKMARK [2][-]{subsection.1.8}{\376\377\000D\000e\000f\000i\000n\000i\000t\000i\000o\000n\000\040\0005\000:\000\040\000L\000D\000P\000C\000C\000o\000d\000e}{section.1}% 9
\BOOKMARK [2][-]{subsection.1.9}{\376\377\000D\000e\000f\000i\000n\000i\000t\000i\000o\000n\000\040\0006\000:\000\040\000S\000u\000b\000s\000y\000s\000t\000e\000m\000C\000S\000S\000C\000o\000d\000e}{section.1}% 10
\BOOKMARK [2][-]{subsection.1.10}{\376\377\000D\000e\000f\000i\000n\000i\000t\000i\000o\000n\000\040\0007\000:\000\040\000C\000e\000l\000l\000C\000o\000m\000p\000l\000e\000x}{section.1}% 11
\BOOKMARK [2][-]{subsection.1.11}{\376\377\000D\000e\000f\000i\000n\000i\000t\000i\000o\000n\000\040\0008\000:\000\040\000C\000y\000c\000l\000e\000G\000r\000a\000p\000h}{section.1}% 12
\BOOKMARK [2][-]{subsection.1.12}{\376\377\000D\000e\000f\000i\000n\000i\000t\000i\000o\000n\000\040\0009\000:\000\040\000D\000o\000u\000b\000l\000e\000C\000o\000m\000p\000l\000e\000x}{section.1}% 13
\BOOKMARK [2][-]{subsection.1.13}{\376\377\000D\000e\000f\000i\000n\000i\000t\000i\000o\000n\000\040\0001\0000\000:\000\040\000T\000o\000t\000a\000l\000C\000o\000m\000p\000l\000e\000x}{section.1}% 14
\BOOKMARK [2][-]{subsection.1.14}{\376\377\000D\000e\000f\000i\000n\000i\000t\000i\000o\000n\000\040\0001\0001\000:\000\040\000T\000e\000n\000s\000o\000r\000P\000r\000o\000d\000u\000c\000t\000D\000o\000u\000b\000l\000e\000C\000o\000m\000p\000l\000e\000x}{section.1}% 15
\BOOKMARK [2][-]{subsection.1.15}{\376\377\000T\000h\000e\000o\000r\000e\000m\000\040\0002\000:\000\040\000S\000m\000a\000l\000l\000D\000o\000u\000b\000l\000e\000C\000o\000m\000p\000l\000e\000x\000H\000o\000m\000o\000l\000o\000g\000y}{section.1}% 16
\BOOKMARK [2][-]{subsection.1.16}{\376\377\000D\000e\000f\000i\000n\000i\000t\000i\000o\000n\000\040\0001\0002\000:\000\040\000F\000i\000b\000e\000r\000B\000u\000n\000d\000l\000e\000D\000o\000u\000b\000l\000e\000C\000o\000m\000p\000l\000e\000x}{section.1}% 17
\BOOKMARK [2][-]{subsection.1.17}{\376\377\000T\000h\000e\000o\000r\000e\000m\000\040\0003\000:\000\040\000F\000i\000b\000e\000r\000B\000u\000n\000d\000l\000e\000H\000o\000m\000o\000l\000o\000g\000y}{section.1}% 18
\BOOKMARK [2][-]{subsection.1.18}{\376\377\000D\000e\000f\000i\000n\000i\000t\000i\000o\000n\000\040\0001\0003\000:\000\040\000A\000u\000g\000m\000e\000n\000t\000e\000d\000C\000o\000m\000p\000l\000e\000x}{section.1}% 19
\BOOKMARK [2][-]{subsection.1.19}{\376\377\000T\000h\000e\000o\000r\000e\000m\000\040\0004\000:\000\040\000P\000r\000o\000j\000e\000c\000t\000i\000o\000n\000I\000n\000d\000u\000c\000e\000s\000I\000s\000o\000m\000o\000r\000p\000h\000i\000s\000m}{section.1}% 20
\BOOKMARK [2][-]{subsection.1.20}{\376\377\000D\000e\000f\000i\000n\000i\000t\000i\000o\000n\000\040\0001\0004\000:\000\040\000G\000r\000a\000p\000h\000E\000x\000p\000a\000n\000s\000i\000o\000n}{section.1}% 21
\BOOKMARK [2][-]{subsection.1.21}{\376\377\000D\000e\000f\000i\000n\000i\000t\000i\000o\000n\000\040\0001\0005\000:\000\040\000T\000a\000n\000n\000e\000r\000C\000o\000d\000e\000L\000o\000c\000a\000l\000S\000y\000s\000t\000e\000m}{section.1}% 22
\BOOKMARK [2][-]{subsection.1.22}{\376\377\000D\000e\000f\000i\000n\000i\000t\000i\000o\000n\000\040\0001\0006\000:\000\040\000D\000u\000a\000l\000C\000o\000d\000e}{section.1}% 23
\BOOKMARK [2][-]{subsection.1.23}{\376\377\000D\000e\000f\000i\000n\000i\000t\000i\000o\000n\000\040\0001\0007\000:\000\040\000B\000i\000n\000a\000r\000y\000E\000n\000t\000r\000o\000p\000y\000F\000u\000n\000c\000t\000i\000o\000n}{section.1}% 24
\BOOKMARK [2][-]{subsection.1.24}{\376\377\000D\000e\000f\000i\000n\000i\000t\000i\000o\000n\000\040\0001\0008\000:\000\040\000C\000h\000e\000e\000g\000e\000r\000C\000o\000n\000s\000t\000a\000n\000t}{section.1}% 25
\BOOKMARK [2][-]{subsection.1.25}{\376\377\000L\000e\000m\000m\000a\000\040\0001\000:\000\040\000R\000e\000l\000a\000t\000i\000v\000e\000C\000h\000e\000e\000g\000e\000r}{section.1}% 26
\BOOKMARK [2][-]{subsection.1.26}{\376\377\000T\000h\000e\000o\000r\000e\000m\000\040\0005\000:\000\040\000A\000l\000o\000n\000B\000o\000p\000p\000a\000n\000a\000B\000o\000u\000n\000d}{section.1}% 27
\BOOKMARK [2][-]{subsection.1.27}{\376\377\000T\000h\000e\000o\000r\000e\000m\000\040\0006\000:\000\040\000A\000l\000o\000n\000C\000h\000u\000n\000g}{section.1}% 28
\BOOKMARK [2][-]{subsection.1.28}{\376\377\000C\000o\000r\000o\000l\000l\000a\000r\000y\000\040\0001\000:\000\040\000A\000l\000o\000n\000C\000h\000u\000n\000g\000C\000o\000n\000t\000r\000a\000p\000o\000s\000i\000t\000i\000v\000e}{section.1}% 29
\BOOKMARK [2][-]{subsection.1.29}{\376\377\000D\000e\000f\000i\000n\000i\000t\000i\000o\000n\000\040\0001\0009\000:\000\040\000E\000d\000g\000e\000B\000o\000u\000n\000d\000a\000r\000y\000V\000e\000r\000t\000e\000x}{section.1}% 30
\BOOKMARK [2][-]{subsection.1.30}{\376\377\000L\000e\000m\000m\000a\000\040\0002\000:\000\040\000E\000d\000g\000e\000T\000o\000V\000e\000r\000t\000e\000x\000E\000x\000p\000a\000n\000s\000i\000o\000n}{section.1}% 31
\BOOKMARK [2][-]{subsection.1.31}{\376\377\000L\000e\000m\000m\000a\000\040\0003\000:\000\040\000R\000e\000l\000a\000t\000i\000v\000e\000V\000e\000r\000t\000e\000x\000T\000o\000E\000d\000g\000e\000E\000x\000p\000a\000n\000s\000i\000o\000n}{section.1}% 32
\BOOKMARK [2][-]{subsection.1.32}{\376\377\000T\000h\000e\000o\000r\000e\000m\000\040\0007\000:\000\040\000S\000i\000p\000s\000e\000r\000S\000p\000i\000e\000l\000m\000a\000n\000E\000x\000p\000a\000n\000d\000e\000r\000C\000o\000d\000e\000D\000i\000s\000t\000a\000n\000c\000e}{section.1}% 33
\BOOKMARK [2][-]{subsection.1.33}{\376\377\000T\000h\000e\000o\000r\000e\000m\000\040\0008\000:\000\040\000E\000x\000p\000a\000n\000d\000e\000r\000V\000i\000o\000l\000a\000t\000e\000d\000C\000h\000e\000c\000k\000s}{section.1}% 34
\BOOKMARK [2][-]{subsection.1.34}{\376\377\000T\000h\000e\000o\000r\000e\000m\000\040\0009\000:\000\040\000E\000x\000p\000a\000n\000d\000e\000r\000B\000i\000t\000D\000e\000g\000r\000e\000e}{section.1}% 35
\BOOKMARK [2][-]{subsection.1.35}{\376\377\000T\000h\000e\000o\000r\000e\000m\000\040\0001\0000\000:\000\040\000G\000i\000l\000b\000e\000r\000t\000V\000a\000r\000s\000h\000a\000m\000o\000v\000P\000l\000u\000s}{section.1}% 36
\BOOKMARK [2][-]{subsection.1.36}{\376\377\000D\000e\000f\000i\000n\000i\000t\000i\000o\000n\000\040\0002\0000\000:\000\040\000C\000a\000y\000l\000e\000y\000G\000r\000a\000p\000h}{section.1}% 37
\BOOKMARK [2][-]{subsection.1.37}{\376\377\000D\000e\000f\000i\000n\000i\000t\000i\000o\000n\000\040\0002\0001\000:\000\040\000L\000P\000S\000E\000x\000p\000a\000n\000d\000e\000r\000G\000r\000a\000p\000h\000s}{section.1}% 38
\BOOKMARK [2][-]{subsection.1.38}{\376\377\000T\000h\000e\000o\000r\000e\000m\000\040\0001\0001\000:\000\040\000L\000P\000S\000R\000a\000m\000a\000n\000u\000j\000a\000n}{section.1}% 39
\BOOKMARK [2][-]{subsection.1.39}{\376\377\000D\000e\000f\000i\000n\000i\000t\000i\000o\000n\000\040\0002\0002\000:\000\040\000B\000a\000l\000a\000n\000c\000e\000d\000P\000r\000o\000d\000u\000c\000t\000V\000e\000c\000t\000o\000r\000S\000p\000a\000c\000e\000s}{section.1}% 40
\BOOKMARK [2][-]{subsection.1.40}{\376\377\000D\000e\000f\000i\000n\000i\000t\000i\000o\000n\000\040\0002\0003\000:\000\040\000B\000a\000l\000a\000n\000c\000e\000d\000P\000r\000o\000d\000u\000c\000t\000C\000h\000a\000i\000n\000C\000o\000m\000p\000l\000e\000x}{section.1}% 41
\BOOKMARK [2][-]{subsection.1.41}{\376\377\000L\000e\000m\000m\000a\000\040\0004\000:\000\040\000K\000u\000n\000n\000e\000t\000h\000B\000a\000l\000a\000n\000c\000e\000d\000P\000r\000o\000d\000u\000c\000t}{section.1}% 42
\BOOKMARK [2][-]{subsection.1.42}{\376\377\000D\000e\000f\000i\000n\000i\000t\000i\000o\000n\000\040\0002\0004\000:\000\040\000Q\000u\000o\000t\000i\000e\000n\000t\000G\000r\000a\000p\000h\000T\000r\000i\000v\000i\000a\000l\000i\000z\000a\000t\000i\000o\000n}{section.1}% 43
\BOOKMARK [2][-]{subsection.1.43}{\376\377\000D\000e\000f\000i\000n\000i\000t\000i\000o\000n\000\040\0002\0005\000:\000\040\000I\000n\000v\000a\000r\000i\000a\000n\000t\000L\000a\000b\000e\000l\000i\000n\000g}{section.1}% 44
\BOOKMARK [2][-]{subsection.1.44}{\376\377\000D\000e\000f\000i\000n\000i\000t\000i\000o\000n\000\040\0002\0006\000:\000\040\000B\000a\000l\000a\000n\000c\000e\000d\000P\000r\000o\000d\000u\000c\000t\000T\000a\000n\000n\000e\000r\000C\000y\000c\000l\000e\000C\000o\000d\000e}{section.1}% 45
\BOOKMARK [2][-]{subsection.1.45}{\376\377\000D\000e\000f\000i\000n\000i\000t\000i\000o\000n\000\040\0002\0007\000:\000\040\000H\000o\000r\000i\000z\000o\000n\000t\000a\000l\000V\000e\000r\000t\000i\000c\000a\000l\000H\000o\000m\000o\000l\000o\000g\000y\000S\000p\000l\000i\000t\000t\000i\000n\000g}{section.1}% 46
\BOOKMARK [2][-]{subsection.1.46}{\376\377\000D\000e\000f\000i\000n\000i\000t\000i\000o\000n\000\040\0002\0008\000:\000\040\000I\000o\000t\000a\000P\000i\000M\000a\000p\000s}{section.1}% 47
\BOOKMARK [2][-]{subsection.1.47}{\376\377\000T\000h\000e\000o\000r\000e\000m\000\040\0001\0002\000:\000\040\000E\000n\000c\000o\000d\000i\000n\000g\000R\000a\000t\000e\000C\000i\000r\000c\000l\000e}{section.1}% 48
\BOOKMARK [2][-]{subsection.1.48}{\376\377\000D\000e\000f\000i\000n\000i\000t\000i\000o\000n\000\040\0002\0009\000:\000\040\000H\000o\000r\000i\000z\000o\000n\000t\000a\000l\000S\000u\000b\000s\000y\000s\000t\000e\000m\000B\000a\000l\000a\000n\000c\000e\000d\000P\000r\000o\000d\000u\000c\000t\000C\000o\000d\000e}{section.1}% 49
\BOOKMARK [2][-]{subsection.1.49}{\376\377\000T\000h\000e\000o\000r\000e\000m\000\040\0001\0003\000:\000\040\000H\000o\000m\000o\000l\000o\000g\000i\000c\000a\000l\000D\000i\000s\000t\000a\000n\000c\000e\000B\000o\000u\000n\000d}{section.1}% 50
\BOOKMARK [2][-]{subsection.1.50}{\376\377\000T\000h\000e\000o\000r\000e\000m\000\040\0001\0004\000:\000\040\000C\000o\000h\000o\000m\000o\000l\000o\000g\000i\000c\000a\000l\000D\000i\000s\000t\000a\000n\000c\000e\000B\000o\000u\000n\000d}{section.1}% 51
\BOOKMARK [2][-]{subsection.1.51}{\376\377\000C\000o\000r\000o\000l\000l\000a\000r\000y\000\040\0002\000:\000\040\000S\000u\000b\000s\000y\000s\000t\000e\000m\000C\000o\000d\000e\000P\000a\000r\000a\000m\000e\000t\000e\000r\000s}{section.1}% 52
\BOOKMARK [2][-]{subsection.1.52}{\376\377\000D\000e\000f\000i\000n\000i\000t\000i\000o\000n\000\040\0003\0000\000:\000\040\000U\000n\000i\000p\000o\000t\000e\000n\000t\000S\000u\000b\000g\000r\000o\000u\000p\000F\000o\000r\000L\000P\000S}{section.1}% 53
\BOOKMARK [2][-]{subsection.1.53}{\376\377\000T\000h\000e\000o\000r\000e\000m\000\040\0001\0005\000:\000\040\000E\000x\000p\000l\000i\000c\000i\000t\000F\000a\000m\000i\000l\000y\000Q\000u\000a\000n\000t\000u\000m\000C\000o\000d\000e\000s}{section.1}% 54
\BOOKMARK [2][-]{subsection.1.54}{\376\377\000C\000o\000r\000o\000l\000l\000a\000r\000y\000\040\0003\000:\000\040\000D\000i\000s\000t\000a\000n\000c\000e\000B\000a\000l\000a\000n\000c\000e\000d\000F\000a\000m\000i\000l\000y}{section.1}% 55
\BOOKMARK [2][-]{subsection.1.55}{\376\377\000S\000t\000a\000t\000e\000m\000e\000n\000t\000\040\000:\000\040\000b\000a\000l\000a\000n\000c\000e\000d\000\137\000p\000r\000o\000d\000u\000c\000t\000\137\000c\000o\000d\000e\000s}{section.1}% 56
